<?xml version="1.0" encoding="UTF-8"?>
<!-- Generated by org.testng.reporters.JUnitReportReporter -->
<testsuite hostname="DESKTOP-RJSMSGU" name="TestNGPractice.TestNGAssertion" tests="1" failures="0" timestamp="2 Oct 2020 20:39:04 GMT" time="13.949" errors="0">
  <testcase name="getLoginBtn" time="13.949" classname="TestNGPractice.TestNGAssertion"/>
</testsuite> <!-- TestNGPractice.TestNGAssertion -->
