<?xml version="1.0" encoding="UTF-8"?>
<!-- Generated by org.testng.reporters.JUnitReportReporter -->
<testsuite hostname="DESKTOP-RJSMSGU" name="TestNGPractice.TestNGFeatureDependency" tests="4" failures="0" timestamp="2 Oct 2020 20:12:46 GMT" time="0.016" errors="0">
  <testcase name="dependent3" time="0.000" classname="TestNGPractice.TestNGFeatureDependency"/>
  <testcase name="independent" time="0.016" classname="TestNGPractice.TestNGFeatureDependency"/>
  <testcase name="dependent" time="0.000" classname="TestNGPractice.TestNGFeatureDependency"/>
  <testcase name="dependent2" time="0.000" classname="TestNGPractice.TestNGFeatureDependency"/>
</testsuite> <!-- TestNGPractice.TestNGFeatureDependency -->
