<?xml version="1.0" encoding="UTF-8"?>
<!-- Generated by org.testng.reporters.JUnitReportReporter -->
<testsuite hostname="DESKTOP-RJSMSGU" name="TestNGPractice.TestNGFetureInvocationCount" tests="5" failures="0" timestamp="2 Oct 2020 20:18:09 GMT" time="0.016" errors="0">
  <testcase name="mul" time="0.016" classname="TestNGPractice.TestNGFetureInvocationCount"/>
  <testcase name="mul" time="0.000" classname="TestNGPractice.TestNGFetureInvocationCount"/>
  <testcase name="mul" time="0.000" classname="TestNGPractice.TestNGFetureInvocationCount"/>
  <testcase name="mul" time="0.000" classname="TestNGPractice.TestNGFetureInvocationCount"/>
  <testcase name="mul" time="0.000" classname="TestNGPractice.TestNGFetureInvocationCount"/>
</testsuite> <!-- TestNGPractice.TestNGFetureInvocationCount -->
