<?xml version="1.0" encoding="UTF-8"?>
<!-- Generated by org.testng.reporters.JUnitReportReporter -->
<testsuite hostname="DESKTOP-RJSMSGU" name="TestNGPractice.TestngBasicConcept" tests="4" failures="0" timestamp="2 Oct 2020 19:55:00 GMT" time="61.800" errors="0">
  <testcase name="getLoginBtn" time="12.047" classname="TestNGPractice.TestngBasicConcept"/>
  <testcase name="getGroup" time="14.459" classname="TestNGPractice.TestngBasicConcept"/>
  <testcase name="getImgDisplay" time="13.960" classname="TestNGPractice.TestngBasicConcept"/>
  <testcase name="getTitlePage" time="21.334" classname="TestNGPractice.TestngBasicConcept"/>
</testsuite> <!-- TestNGPractice.TestngBasicConcept -->
